<?xml version="1.0" encoding="UTF-8"?>
<testng-results skipped="0" failed="0" ignored="0" total="4" passed="4">
  <reporter-output>
  </reporter-output>
  <suite name="Default suite" duration-ms="4632" started-at="2019-12-08T16:51:57 IST" finished-at="2019-12-08T16:52:01 IST">
    <groups>
    </groups>
    <test name="Default test" duration-ms="4632" started-at="2019-12-08T16:51:57 IST" finished-at="2019-12-08T16:52:01 IST">
      <class name="restAssured_Tests.Demo5_BasicValidation_JSON">
        <test-method status="PASS" signature="testStatusCode()[pri:1, instance:restAssured_Tests.Demo5_BasicValidation_JSON@76707e36]" name="testStatusCode" duration-ms="3123" started-at="2019-12-08T16:51:57 IST" finished-at="2019-12-08T16:52:00 IST">
          <reporter-output>
          </reporter-output>
        </test-method> <!-- testStatusCode -->
        <test-method status="PASS" signature="testlogging()[pri:2, instance:restAssured_Tests.Demo5_BasicValidation_JSON@76707e36]" name="testlogging" duration-ms="275" started-at="2019-12-08T16:52:00 IST" finished-at="2019-12-08T16:52:00 IST">
          <reporter-output>
          </reporter-output>
        </test-method> <!-- testlogging -->
        <test-method status="PASS" signature="testSingleContent()[pri:3, instance:restAssured_Tests.Demo5_BasicValidation_JSON@76707e36]" name="testSingleContent" duration-ms="806" started-at="2019-12-08T16:52:00 IST" finished-at="2019-12-08T16:52:01 IST">
          <reporter-output>
          </reporter-output>
        </test-method> <!-- testSingleContent -->
        <test-method status="PASS" signature="testMultipleContent()[pri:4, instance:restAssured_Tests.Demo5_BasicValidation_JSON@76707e36]" name="testMultipleContent" duration-ms="331" started-at="2019-12-08T16:52:01 IST" finished-at="2019-12-08T16:52:01 IST">
          <reporter-output>
          </reporter-output>
        </test-method> <!-- testMultipleContent -->
      </class> <!-- restAssured_Tests.Demo5_BasicValidation_JSON -->
    </test> <!-- Default test -->
  </suite> <!-- Default suite -->
</testng-results>
