<?xml version="1.0" encoding="UTF-8"?>
<testng-results skipped="0" failed="0" ignored="0" total="1" passed="1">
  <reporter-output>
  </reporter-output>
  <suite name="Default suite" duration-ms="7526" started-at="2020-02-24T19:04:12 IST" finished-at="2020-02-24T19:04:20 IST">
    <groups>
    </groups>
    <test name="Default test" duration-ms="7526" started-at="2020-02-24T19:04:12 IST" finished-at="2020-02-24T19:04:20 IST">
      <class name="MapAPI.AddPlaceMap">
        <test-method status="PASS" signature="getlocation()[pri:0, instance:MapAPI.AddPlaceMap@1f554b06]" name="getlocation" duration-ms="7407" started-at="2020-02-24T19:04:12 IST" finished-at="2020-02-24T19:04:20 IST">
          <reporter-output>
          </reporter-output>
        </test-method> <!-- getlocation -->
      </class> <!-- MapAPI.AddPlaceMap -->
    </test> <!-- Default test -->
  </suite> <!-- Default suite -->
</testng-results>
