<?xml version="1.0" encoding="UTF-8"?>
<!-- Generated by org.testng.reporters.JUnitXMLReporter -->
<testsuite hostname="LAPTOP-5MSMT5PF" ignored="0" name="Default test" tests="4" failures="0" timestamp="2019-12-08T16:52:01 IST" time="4.632" errors="0">
  <testcase name="testStatusCode" time="3.123" classname="restAssured_Tests.Demo5_BasicValidation_JSON"/>
  <testcase name="testlogging" time="0.275" classname="restAssured_Tests.Demo5_BasicValidation_JSON"/>
  <testcase name="testSingleContent" time="0.806" classname="restAssured_Tests.Demo5_BasicValidation_JSON"/>
  <testcase name="testMultipleContent" time="0.331" classname="restAssured_Tests.Demo5_BasicValidation_JSON"/>
</testsuite> <!-- Default test -->
