<?xml version="1.0" encoding="UTF-8"?>
<!-- Generated by org.testng.reporters.JUnitXMLReporter -->
<testsuite hostname="LAPTOP-5MSMT5PF" ignored="0" name="Test" tests="4" failures="0" timestamp="2019-12-08T13:03:28 IST" time="9.501" errors="0">
  <testcase name="deleteEmployeeRecord" time="4.793" classname="restAssured_Tests.Demo4_DELETERequest"/>
  <testcase name="putUserInfoTest" time="1.707" classname="restAssured_Tests.Demo3_PUTRequest"/>
  <testcase name="postUserInfoTest" time="1.807" classname="restAssured_Tests.Demo2_POSTRequest"/>
  <testcase name="getWeatherDetails" time="1.011" classname="restAssured_Tests.Demo1_GetRequest"/>
</testsuite> <!-- Test -->
